<?xml version="1.0" encoding="UTF-8"?>
<!-- Generated by org.testng.reporters.JUnitReportReporter -->
<testsuite hostname="DESKTOP-C84JI4A" failures="0" tests="4" name="api.test.UserTestcase" time="5.742" errors="0" timestamp="2023-08-04T02:44:14 BDT" skipped="0">
  <testcase classname="api.test.UserTestcase" name="testCreateUser" time="1.723"/>
  <testcase classname="api.test.UserTestcase" name="testReadUser" time="1.344"/>
  <testcase classname="api.test.UserTestcase" name="testUpdateUse" time="1.336"/>
  <testcase classname="api.test.UserTestcase" name="testDeleteUser" time="1.339"/>
</testsuite> <!-- api.test.UserTestcase -->
