<?xml version="1.0" encoding="UTF-8"?>
<!-- Generated by org.testng.reporters.JUnitReportReporter -->
<testsuite hostname="DESKTOP-C84JI4A" failures="0" tests="4" name="api.test.UserCrud" time="6.538" errors="0" timestamp="2023-08-04T00:53:22 BDT" skipped="0">
  <testcase classname="api.test.UserCrud" name="createUserCase" time="2.585"/>
  <testcase classname="api.test.UserCrud" name="readUsercase" time="1.313"/>
  <testcase classname="api.test.UserCrud" name="updateUseCase" time="1.355"/>
  <testcase classname="api.test.UserCrud" name="deleteUserCase" time="1.285"/>
</testsuite> <!-- api.test.UserCrud -->
