<?xml version="1.0" encoding="UTF-8"?>
<!-- Generated by org.testng.reporters.JUnitReportReporter -->
<testsuite hostname="DESKTOP-C84JI4A" failures="0" tests="2" name="api.test.LoginTestcase" time="3.448" errors="0" timestamp="2023-08-04T02:44:14 BDT" skipped="0">
  <testcase classname="api.test.LoginTestcase" name="testLogout" time="2.120"/>
  <testcase classname="api.test.LoginTestcase" name="testPositiveLogin" time="1.328"/>
</testsuite> <!-- api.test.LoginTestcase -->
