<?xml version="1.0" encoding="UTF-8"?>
<!-- Generated by org.testng.reporters.JUnitReportReporter -->
<testsuite hostname="DESKTOP-C84JI4A" failures="0" tests="1" name="api.test.BasicCode2" time="4.270" errors="0" timestamp="2023-07-31T00:47:21 BDT" skipped="0">
  <testcase classname="api.test.BasicCode2" name="createTestUserTestcase" time="4.270"/>
</testsuite> <!-- api.test.BasicCode2 -->
