<?xml version="1.0" encoding="UTF-8"?>
<!-- Generated by org.testng.reporters.JUnitReportReporter -->
<testsuite hostname="DESKTOP-C84JI4A" failures="0" tests="1" name="api.test.TestClass" time="3.688" errors="0" timestamp="2023-07-31T00:19:35 BDT" skipped="0">
  <testcase classname="api.test.TestClass" name="createUserTest" time="3.688"/>
</testsuite> <!-- api.test.TestClass -->
